CRITICAL - 2022-04-05 04:03:51 --> Undefined index: password_user
#0 C:\Users\UmarSahid\Documents\GitHub\aplikasi-pengajuan-cuti\app\Controllers\Auth.php(35): CodeIgniter\Debug\Exceptions->errorHandler(8, 'Undefined index...', 'C:\\Users\\UmarSa...', 35, Array)
#1 C:\Users\UmarSahid\Documents\GitHub\aplikasi-pengajuan-cuti\system\CodeIgniter.php(832): App\Controllers\Auth->prosesLogin()
#2 C:\Users\UmarSahid\Documents\GitHub\aplikasi-pengajuan-cuti\system\CodeIgniter.php(419): CodeIgniter\CodeIgniter->runController(Object(App\Controllers\Auth))
#3 C:\Users\UmarSahid\Documents\GitHub\aplikasi-pengajuan-cuti\system\CodeIgniter.php(326): CodeIgniter\CodeIgniter->handleRequest(NULL, Object(Config\Cache), false)
#4 C:\Users\UmarSahid\Documents\GitHub\aplikasi-pengajuan-cuti\public\index.php(37): CodeIgniter\CodeIgniter->run()
#5 C:\Users\UmarSahid\Documents\GitHub\aplikasi-pengajuan-cuti\system\Commands\Server\rewrite.php(43): require_once('C:\\Users\\UmarSa...')
#6 {main}
CRITICAL - 2022-04-05 04:22:55 --> Undefined variable: user
#0 C:\Users\UmarSahid\Documents\GitHub\aplikasi-pengajuan-cuti\app\Views\layouts\karyawan_layout.php(69): CodeIgniter\Debug\Exceptions->errorHandler(8, 'Undefined varia...', 'C:\\Users\\UmarSa...', 69, Array)
#1 C:\Users\UmarSahid\Documents\GitHub\aplikasi-pengajuan-cuti\system\View\View.php(210): include('C:\\Users\\UmarSa...')
#2 C:\Users\UmarSahid\Documents\GitHub\aplikasi-pengajuan-cuti\system\View\View.php(213): CodeIgniter\View\View->CodeIgniter\View\{closure}()
#3 C:\Users\UmarSahid\Documents\GitHub\aplikasi-pengajuan-cuti\system\View\View.php(226): CodeIgniter\View\View->render('layouts/karyawa...', Array, true)
#4 C:\Users\UmarSahid\Documents\GitHub\aplikasi-pengajuan-cuti\system\Common.php(1089): CodeIgniter\View\View->render('karyawan/index', Array, true)
#5 C:\Users\UmarSahid\Documents\GitHub\aplikasi-pengajuan-cuti\app\Controllers\Karyawan.php(9): view('karyawan/index')
#6 C:\Users\UmarSahid\Documents\GitHub\aplikasi-pengajuan-cuti\system\CodeIgniter.php(832): App\Controllers\Karyawan->index()
#7 C:\Users\UmarSahid\Documents\GitHub\aplikasi-pengajuan-cuti\system\CodeIgniter.php(419): CodeIgniter\CodeIgniter->runController(Object(App\Controllers\Karyawan))
#8 C:\Users\UmarSahid\Documents\GitHub\aplikasi-pengajuan-cuti\system\CodeIgniter.php(326): CodeIgniter\CodeIgniter->handleRequest(NULL, Object(Config\Cache), false)
#9 C:\Users\UmarSahid\Documents\GitHub\aplikasi-pengajuan-cuti\public\index.php(37): CodeIgniter\CodeIgniter->run()
#10 C:\Users\UmarSahid\Documents\GitHub\aplikasi-pengajuan-cuti\system\Commands\Server\rewrite.php(43): require_once('C:\\Users\\UmarSa...')
#11 {main}
CRITICAL - 2022-04-05 04:27:09 --> Undefined variable: user
#0 C:\Users\UmarSahid\Documents\GitHub\aplikasi-pengajuan-cuti\app\Views\layouts\karyawan_layout.php(69): CodeIgniter\Debug\Exceptions->errorHandler(8, 'Undefined varia...', 'C:\\Users\\UmarSa...', 69, Array)
#1 C:\Users\UmarSahid\Documents\GitHub\aplikasi-pengajuan-cuti\system\View\View.php(210): include('C:\\Users\\UmarSa...')
#2 C:\Users\UmarSahid\Documents\GitHub\aplikasi-pengajuan-cuti\system\View\View.php(213): CodeIgniter\View\View->CodeIgniter\View\{closure}()
#3 C:\Users\UmarSahid\Documents\GitHub\aplikasi-pengajuan-cuti\system\View\View.php(226): CodeIgniter\View\View->render('layouts/karyawa...', Array, true)
#4 C:\Users\UmarSahid\Documents\GitHub\aplikasi-pengajuan-cuti\system\Common.php(1089): CodeIgniter\View\View->render('karyawan/index', Array, true)
#5 C:\Users\UmarSahid\Documents\GitHub\aplikasi-pengajuan-cuti\app\Controllers\Karyawan.php(20): view('karyawan/index', Array)
#6 C:\Users\UmarSahid\Documents\GitHub\aplikasi-pengajuan-cuti\system\CodeIgniter.php(832): App\Controllers\Karyawan->index()
#7 C:\Users\UmarSahid\Documents\GitHub\aplikasi-pengajuan-cuti\system\CodeIgniter.php(419): CodeIgniter\CodeIgniter->runController(Object(App\Controllers\Karyawan))
#8 C:\Users\UmarSahid\Documents\GitHub\aplikasi-pengajuan-cuti\system\CodeIgniter.php(326): CodeIgniter\CodeIgniter->handleRequest(NULL, Object(Config\Cache), false)
#9 C:\Users\UmarSahid\Documents\GitHub\aplikasi-pengajuan-cuti\public\index.php(37): CodeIgniter\CodeIgniter->run()
#10 C:\Users\UmarSahid\Documents\GitHub\aplikasi-pengajuan-cuti\system\Commands\Server\rewrite.php(43): require_once('C:\\Users\\UmarSa...')
#11 {main}
CRITICAL - 2022-04-05 04:27:20 --> Undefined index: nama_user
#0 C:\Users\UmarSahid\Documents\GitHub\aplikasi-pengajuan-cuti\app\Views\layouts\karyawan_layout.php(74): CodeIgniter\Debug\Exceptions->errorHandler(8, 'Undefined index...', 'C:\\Users\\UmarSa...', 74, Array)
#1 C:\Users\UmarSahid\Documents\GitHub\aplikasi-pengajuan-cuti\system\View\View.php(210): include('C:\\Users\\UmarSa...')
#2 C:\Users\UmarSahid\Documents\GitHub\aplikasi-pengajuan-cuti\system\View\View.php(213): CodeIgniter\View\View->CodeIgniter\View\{closure}()
#3 C:\Users\UmarSahid\Documents\GitHub\aplikasi-pengajuan-cuti\system\View\View.php(226): CodeIgniter\View\View->render('layouts/karyawa...', Array, true)
#4 C:\Users\UmarSahid\Documents\GitHub\aplikasi-pengajuan-cuti\system\Common.php(1089): CodeIgniter\View\View->render('karyawan/index', Array, true)
#5 C:\Users\UmarSahid\Documents\GitHub\aplikasi-pengajuan-cuti\app\Controllers\Karyawan.php(20): view('karyawan/index', Array)
#6 C:\Users\UmarSahid\Documents\GitHub\aplikasi-pengajuan-cuti\system\CodeIgniter.php(832): App\Controllers\Karyawan->index()
#7 C:\Users\UmarSahid\Documents\GitHub\aplikasi-pengajuan-cuti\system\CodeIgniter.php(419): CodeIgniter\CodeIgniter->runController(Object(App\Controllers\Karyawan))
#8 C:\Users\UmarSahid\Documents\GitHub\aplikasi-pengajuan-cuti\system\CodeIgniter.php(326): CodeIgniter\CodeIgniter->handleRequest(NULL, Object(Config\Cache), false)
#9 C:\Users\UmarSahid\Documents\GitHub\aplikasi-pengajuan-cuti\public\index.php(37): CodeIgniter\CodeIgniter->run()
#10 C:\Users\UmarSahid\Documents\GitHub\aplikasi-pengajuan-cuti\system\Commands\Server\rewrite.php(43): require_once('C:\\Users\\UmarSa...')
#11 {main}
CRITICAL - 2022-04-05 04:49:50 --> Undefined variable: jadwals
#0 C:\Users\UmarSahid\Documents\GitHub\aplikasi-pengajuan-cuti\app\Views\karyawan\index.php(42): CodeIgniter\Debug\Exceptions->errorHandler(8, 'Undefined varia...', 'C:\\Users\\UmarSa...', 42, Array)
#1 C:\Users\UmarSahid\Documents\GitHub\aplikasi-pengajuan-cuti\system\View\View.php(210): include('C:\\Users\\UmarSa...')
#2 C:\Users\UmarSahid\Documents\GitHub\aplikasi-pengajuan-cuti\system\View\View.php(213): CodeIgniter\View\View->CodeIgniter\View\{closure}()
#3 C:\Users\UmarSahid\Documents\GitHub\aplikasi-pengajuan-cuti\system\Common.php(1089): CodeIgniter\View\View->render('karyawan/index', Array, true)
#4 C:\Users\UmarSahid\Documents\GitHub\aplikasi-pengajuan-cuti\app\Controllers\Karyawan.php(25): view('karyawan/index', Array)
#5 C:\Users\UmarSahid\Documents\GitHub\aplikasi-pengajuan-cuti\system\CodeIgniter.php(832): App\Controllers\Karyawan->index()
#6 C:\Users\UmarSahid\Documents\GitHub\aplikasi-pengajuan-cuti\system\CodeIgniter.php(419): CodeIgniter\CodeIgniter->runController(Object(App\Controllers\Karyawan))
#7 C:\Users\UmarSahid\Documents\GitHub\aplikasi-pengajuan-cuti\system\CodeIgniter.php(326): CodeIgniter\CodeIgniter->handleRequest(NULL, Object(Config\Cache), false)
#8 C:\Users\UmarSahid\Documents\GitHub\aplikasi-pengajuan-cuti\public\index.php(37): CodeIgniter\CodeIgniter->run()
#9 C:\Users\UmarSahid\Documents\GitHub\aplikasi-pengajuan-cuti\system\Commands\Server\rewrite.php(43): require_once('C:\\Users\\UmarSa...')
#10 {main}
CRITICAL - 2022-04-05 04:52:31 --> Undefined variable: jadwal
#0 C:\Users\UmarSahid\Documents\GitHub\aplikasi-pengajuan-cuti\app\Views\karyawan\index.php(49): CodeIgniter\Debug\Exceptions->errorHandler(8, 'Undefined varia...', 'C:\\Users\\UmarSa...', 49, Array)
#1 C:\Users\UmarSahid\Documents\GitHub\aplikasi-pengajuan-cuti\system\View\View.php(210): include('C:\\Users\\UmarSa...')
#2 C:\Users\UmarSahid\Documents\GitHub\aplikasi-pengajuan-cuti\system\View\View.php(213): CodeIgniter\View\View->CodeIgniter\View\{closure}()
#3 C:\Users\UmarSahid\Documents\GitHub\aplikasi-pengajuan-cuti\system\Common.php(1089): CodeIgniter\View\View->render('karyawan/index', Array, true)
#4 C:\Users\UmarSahid\Documents\GitHub\aplikasi-pengajuan-cuti\app\Controllers\Karyawan.php(25): view('karyawan/index', Array)
#5 C:\Users\UmarSahid\Documents\GitHub\aplikasi-pengajuan-cuti\system\CodeIgniter.php(832): App\Controllers\Karyawan->index()
#6 C:\Users\UmarSahid\Documents\GitHub\aplikasi-pengajuan-cuti\system\CodeIgniter.php(419): CodeIgniter\CodeIgniter->runController(Object(App\Controllers\Karyawan))
#7 C:\Users\UmarSahid\Documents\GitHub\aplikasi-pengajuan-cuti\system\CodeIgniter.php(326): CodeIgniter\CodeIgniter->handleRequest(NULL, Object(Config\Cache), false)
#8 C:\Users\UmarSahid\Documents\GitHub\aplikasi-pengajuan-cuti\public\index.php(37): CodeIgniter\CodeIgniter->run()
#9 C:\Users\UmarSahid\Documents\GitHub\aplikasi-pengajuan-cuti\system\Commands\Server\rewrite.php(43): require_once('C:\\Users\\UmarSa...')
#10 {main}
CRITICAL - 2022-04-05 04:52:41 --> Trying to access array offset on value of type null
#0 C:\Users\UmarSahid\Documents\GitHub\aplikasi-pengajuan-cuti\app\Views\karyawan\index.php(49): CodeIgniter\Debug\Exceptions->errorHandler(8, 'Trying to acces...', 'C:\\Users\\UmarSa...', 49, Array)
#1 C:\Users\UmarSahid\Documents\GitHub\aplikasi-pengajuan-cuti\system\View\View.php(210): include('C:\\Users\\UmarSa...')
#2 C:\Users\UmarSahid\Documents\GitHub\aplikasi-pengajuan-cuti\system\View\View.php(213): CodeIgniter\View\View->CodeIgniter\View\{closure}()
#3 C:\Users\UmarSahid\Documents\GitHub\aplikasi-pengajuan-cuti\system\Common.php(1089): CodeIgniter\View\View->render('karyawan/index', Array, true)
#4 C:\Users\UmarSahid\Documents\GitHub\aplikasi-pengajuan-cuti\app\Controllers\Karyawan.php(25): view('karyawan/index', Array)
#5 C:\Users\UmarSahid\Documents\GitHub\aplikasi-pengajuan-cuti\system\CodeIgniter.php(832): App\Controllers\Karyawan->index()
#6 C:\Users\UmarSahid\Documents\GitHub\aplikasi-pengajuan-cuti\system\CodeIgniter.php(419): CodeIgniter\CodeIgniter->runController(Object(App\Controllers\Karyawan))
#7 C:\Users\UmarSahid\Documents\GitHub\aplikasi-pengajuan-cuti\system\CodeIgniter.php(326): CodeIgniter\CodeIgniter->handleRequest(NULL, Object(Config\Cache), false)
#8 C:\Users\UmarSahid\Documents\GitHub\aplikasi-pengajuan-cuti\public\index.php(37): CodeIgniter\CodeIgniter->run()
#9 C:\Users\UmarSahid\Documents\GitHub\aplikasi-pengajuan-cuti\system\Commands\Server\rewrite.php(43): require_once('C:\\Users\\UmarSa...')
#10 {main}
CRITICAL - 2022-04-05 06:45:08 --> Undefined variable: user
#0 C:\Users\UmarSahid\Documents\GitHub\aplikasi-pengajuan-cuti\app\Views\layouts\karyawan_layout.php(69): CodeIgniter\Debug\Exceptions->errorHandler(8, 'Undefined varia...', 'C:\\Users\\UmarSa...', 69, Array)
#1 C:\Users\UmarSahid\Documents\GitHub\aplikasi-pengajuan-cuti\system\View\View.php(210): include('C:\\Users\\UmarSa...')
#2 C:\Users\UmarSahid\Documents\GitHub\aplikasi-pengajuan-cuti\system\View\View.php(213): CodeIgniter\View\View->CodeIgniter\View\{closure}()
#3 C:\Users\UmarSahid\Documents\GitHub\aplikasi-pengajuan-cuti\system\View\View.php(226): CodeIgniter\View\View->render('layouts/karyawa...', Array, true)
#4 C:\Users\UmarSahid\Documents\GitHub\aplikasi-pengajuan-cuti\system\Common.php(1089): CodeIgniter\View\View->render('karyawan/cuti/t...', Array, true)
#5 C:\Users\UmarSahid\Documents\GitHub\aplikasi-pengajuan-cuti\app\Controllers\Karyawan.php(34): view('karyawan/cuti/t...')
#6 C:\Users\UmarSahid\Documents\GitHub\aplikasi-pengajuan-cuti\system\CodeIgniter.php(832): App\Controllers\Karyawan->tambahCuti()
#7 C:\Users\UmarSahid\Documents\GitHub\aplikasi-pengajuan-cuti\system\CodeIgniter.php(419): CodeIgniter\CodeIgniter->runController(Object(App\Controllers\Karyawan))
#8 C:\Users\UmarSahid\Documents\GitHub\aplikasi-pengajuan-cuti\system\CodeIgniter.php(326): CodeIgniter\CodeIgniter->handleRequest(NULL, Object(Config\Cache), false)
#9 C:\Users\UmarSahid\Documents\GitHub\aplikasi-pengajuan-cuti\public\index.php(37): CodeIgniter\CodeIgniter->run()
#10 C:\Users\UmarSahid\Documents\GitHub\aplikasi-pengajuan-cuti\system\Commands\Server\rewrite.php(43): require_once('C:\\Users\\UmarSa...')
#11 {main}
CRITICAL - 2022-04-05 07:58:29 --> Could not move file php9C23.tmp to assest/img/bukti_pendukung/ ()
#0 C:\Users\UmarSahid\Documents\GitHub\aplikasi-pengajuan-cuti\system\HTTP\Files\UploadedFile.php(149): CodeIgniter\HTTP\Exceptions\HTTPException::forMoveFailed('php9C23.tmp', 'assest/img/bukt...', '')
#1 C:\Users\UmarSahid\Documents\GitHub\aplikasi-pengajuan-cuti\app\Controllers\Karyawan.php(96): CodeIgniter\HTTP\Files\UploadedFile->move('assest/img/bukt...', '1_2022-04-06_3i...')
#2 C:\Users\UmarSahid\Documents\GitHub\aplikasi-pengajuan-cuti\system\CodeIgniter.php(832): App\Controllers\Karyawan->prosesTambahCuti()
#3 C:\Users\UmarSahid\Documents\GitHub\aplikasi-pengajuan-cuti\system\CodeIgniter.php(419): CodeIgniter\CodeIgniter->runController(Object(App\Controllers\Karyawan))
#4 C:\Users\UmarSahid\Documents\GitHub\aplikasi-pengajuan-cuti\system\CodeIgniter.php(326): CodeIgniter\CodeIgniter->handleRequest(NULL, Object(Config\Cache), false)
#5 C:\Users\UmarSahid\Documents\GitHub\aplikasi-pengajuan-cuti\public\index.php(37): CodeIgniter\CodeIgniter->run()
#6 C:\Users\UmarSahid\Documents\GitHub\aplikasi-pengajuan-cuti\system\Commands\Server\rewrite.php(43): require_once('C:\\Users\\UmarSa...')
#7 {main}
CRITICAL - 2022-04-05 07:59:22 --> Could not move file php6ABF.tmp to assets/img/bukti_pendukung/ ()
#0 C:\Users\UmarSahid\Documents\GitHub\aplikasi-pengajuan-cuti\system\HTTP\Files\UploadedFile.php(149): CodeIgniter\HTTP\Exceptions\HTTPException::forMoveFailed('php6ABF.tmp', 'assets/img/bukt...', '')
#1 C:\Users\UmarSahid\Documents\GitHub\aplikasi-pengajuan-cuti\app\Controllers\Karyawan.php(96): CodeIgniter\HTTP\Files\UploadedFile->move('assets/img/bukt...', '1_2022-04-06_3i...')
#2 C:\Users\UmarSahid\Documents\GitHub\aplikasi-pengajuan-cuti\system\CodeIgniter.php(832): App\Controllers\Karyawan->prosesTambahCuti()
#3 C:\Users\UmarSahid\Documents\GitHub\aplikasi-pengajuan-cuti\system\CodeIgniter.php(419): CodeIgniter\CodeIgniter->runController(Object(App\Controllers\Karyawan))
#4 C:\Users\UmarSahid\Documents\GitHub\aplikasi-pengajuan-cuti\system\CodeIgniter.php(326): CodeIgniter\CodeIgniter->handleRequest(NULL, Object(Config\Cache), false)
#5 C:\Users\UmarSahid\Documents\GitHub\aplikasi-pengajuan-cuti\public\index.php(37): CodeIgniter\CodeIgniter->run()
#6 C:\Users\UmarSahid\Documents\GitHub\aplikasi-pengajuan-cuti\system\Commands\Server\rewrite.php(43): require_once('C:\\Users\\UmarSa...')
#7 {main}
CRITICAL - 2022-04-05 07:59:42 --> Could not move file phpBA28.tmp to assets/img/bukti-pendukung/ ()
#0 C:\Users\UmarSahid\Documents\GitHub\aplikasi-pengajuan-cuti\system\HTTP\Files\UploadedFile.php(149): CodeIgniter\HTTP\Exceptions\HTTPException::forMoveFailed('phpBA28.tmp', 'assets/img/bukt...', '')
#1 C:\Users\UmarSahid\Documents\GitHub\aplikasi-pengajuan-cuti\app\Controllers\Karyawan.php(96): CodeIgniter\HTTP\Files\UploadedFile->move('assets/img/bukt...', '1_2022-04-06_3i...')
#2 C:\Users\UmarSahid\Documents\GitHub\aplikasi-pengajuan-cuti\system\CodeIgniter.php(832): App\Controllers\Karyawan->prosesTambahCuti()
#3 C:\Users\UmarSahid\Documents\GitHub\aplikasi-pengajuan-cuti\system\CodeIgniter.php(419): CodeIgniter\CodeIgniter->runController(Object(App\Controllers\Karyawan))
#4 C:\Users\UmarSahid\Documents\GitHub\aplikasi-pengajuan-cuti\system\CodeIgniter.php(326): CodeIgniter\CodeIgniter->handleRequest(NULL, Object(Config\Cache), false)
#5 C:\Users\UmarSahid\Documents\GitHub\aplikasi-pengajuan-cuti\public\index.php(37): CodeIgniter\CodeIgniter->run()
#6 C:\Users\UmarSahid\Documents\GitHub\aplikasi-pengajuan-cuti\system\Commands\Server\rewrite.php(43): require_once('C:\\Users\\UmarSa...')
#7 {main}
CRITICAL - 2022-04-05 08:00:14 --> Could not move file php3600.tmp to assets/img/bukti-pendukung/ ()
#0 C:\Users\UmarSahid\Documents\GitHub\aplikasi-pengajuan-cuti\system\HTTP\Files\UploadedFile.php(149): CodeIgniter\HTTP\Exceptions\HTTPException::forMoveFailed('php3600.tmp', 'assets/img/bukt...', '')
#1 C:\Users\UmarSahid\Documents\GitHub\aplikasi-pengajuan-cuti\app\Controllers\Karyawan.php(96): CodeIgniter\HTTP\Files\UploadedFile->move('assets/img/bukt...', '1_2022-04-06_3i...')
#2 C:\Users\UmarSahid\Documents\GitHub\aplikasi-pengajuan-cuti\system\CodeIgniter.php(832): App\Controllers\Karyawan->prosesTambahCuti()
#3 C:\Users\UmarSahid\Documents\GitHub\aplikasi-pengajuan-cuti\system\CodeIgniter.php(419): CodeIgniter\CodeIgniter->runController(Object(App\Controllers\Karyawan))
#4 C:\Users\UmarSahid\Documents\GitHub\aplikasi-pengajuan-cuti\system\CodeIgniter.php(326): CodeIgniter\CodeIgniter->handleRequest(NULL, Object(Config\Cache), false)
#5 C:\Users\UmarSahid\Documents\GitHub\aplikasi-pengajuan-cuti\public\index.php(37): CodeIgniter\CodeIgniter->run()
#6 C:\Users\UmarSahid\Documents\GitHub\aplikasi-pengajuan-cuti\system\Commands\Server\rewrite.php(43): require_once('C:\\Users\\UmarSa...')
#7 {main}
CRITICAL - 2022-04-05 08:20:38 --> Undefined index: muali_cuti
#0 C:\Users\UmarSahid\Documents\GitHub\aplikasi-pengajuan-cuti\app\Views\karyawan\index.php(50): CodeIgniter\Debug\Exceptions->errorHandler(8, 'Undefined index...', 'C:\\Users\\UmarSa...', 50, Array)
#1 C:\Users\UmarSahid\Documents\GitHub\aplikasi-pengajuan-cuti\system\View\View.php(210): include('C:\\Users\\UmarSa...')
#2 C:\Users\UmarSahid\Documents\GitHub\aplikasi-pengajuan-cuti\system\View\View.php(213): CodeIgniter\View\View->CodeIgniter\View\{closure}()
#3 C:\Users\UmarSahid\Documents\GitHub\aplikasi-pengajuan-cuti\system\Common.php(1089): CodeIgniter\View\View->render('karyawan/index', Array, true)
#4 C:\Users\UmarSahid\Documents\GitHub\aplikasi-pengajuan-cuti\app\Controllers\Karyawan.php(29): view('karyawan/index', Array)
#5 C:\Users\UmarSahid\Documents\GitHub\aplikasi-pengajuan-cuti\system\CodeIgniter.php(832): App\Controllers\Karyawan->index()
#6 C:\Users\UmarSahid\Documents\GitHub\aplikasi-pengajuan-cuti\system\CodeIgniter.php(419): CodeIgniter\CodeIgniter->runController(Object(App\Controllers\Karyawan))
#7 C:\Users\UmarSahid\Documents\GitHub\aplikasi-pengajuan-cuti\system\CodeIgniter.php(326): CodeIgniter\CodeIgniter->handleRequest(NULL, Object(Config\Cache), false)
#8 C:\Users\UmarSahid\Documents\GitHub\aplikasi-pengajuan-cuti\public\index.php(37): CodeIgniter\CodeIgniter->run()
#9 C:\Users\UmarSahid\Documents\GitHub\aplikasi-pengajuan-cuti\system\Commands\Server\rewrite.php(43): require_once('C:\\Users\\UmarSa...')
#10 {main}
CRITICAL - 2022-04-05 08:49:35 --> Too few arguments to function App\Controllers\Karyawan::detailCuti(), 0 passed in C:\Users\UmarSahid\Documents\GitHub\aplikasi-pengajuan-cuti\system\CodeIgniter.php on line 832 and exactly 1 expected
#0 C:\Users\UmarSahid\Documents\GitHub\aplikasi-pengajuan-cuti\system\CodeIgniter.php(832): App\Controllers\Karyawan->detailCuti()
#1 C:\Users\UmarSahid\Documents\GitHub\aplikasi-pengajuan-cuti\system\CodeIgniter.php(419): CodeIgniter\CodeIgniter->runController(Object(App\Controllers\Karyawan))
#2 C:\Users\UmarSahid\Documents\GitHub\aplikasi-pengajuan-cuti\system\CodeIgniter.php(326): CodeIgniter\CodeIgniter->handleRequest(NULL, Object(Config\Cache), false)
#3 C:\Users\UmarSahid\Documents\GitHub\aplikasi-pengajuan-cuti\public\index.php(37): CodeIgniter\CodeIgniter->run()
#4 C:\Users\UmarSahid\Documents\GitHub\aplikasi-pengajuan-cuti\system\Commands\Server\rewrite.php(43): require_once('C:\\Users\\UmarSa...')
#5 {main}
CRITICAL - 2022-04-05 08:50:25 --> Too few arguments to function App\Controllers\Karyawan::detailCuti(), 0 passed in C:\Users\UmarSahid\Documents\GitHub\aplikasi-pengajuan-cuti\system\CodeIgniter.php on line 832 and exactly 1 expected
#0 C:\Users\UmarSahid\Documents\GitHub\aplikasi-pengajuan-cuti\system\CodeIgniter.php(832): App\Controllers\Karyawan->detailCuti()
#1 C:\Users\UmarSahid\Documents\GitHub\aplikasi-pengajuan-cuti\system\CodeIgniter.php(419): CodeIgniter\CodeIgniter->runController(Object(App\Controllers\Karyawan))
#2 C:\Users\UmarSahid\Documents\GitHub\aplikasi-pengajuan-cuti\system\CodeIgniter.php(326): CodeIgniter\CodeIgniter->handleRequest(NULL, Object(Config\Cache), false)
#3 C:\Users\UmarSahid\Documents\GitHub\aplikasi-pengajuan-cuti\public\index.php(37): CodeIgniter\CodeIgniter->run()
#4 C:\Users\UmarSahid\Documents\GitHub\aplikasi-pengajuan-cuti\system\Commands\Server\rewrite.php(43): require_once('C:\\Users\\UmarSa...')
#5 {main}
CRITICAL - 2022-04-05 08:50:27 --> Too few arguments to function App\Controllers\Karyawan::detailCuti(), 0 passed in C:\Users\UmarSahid\Documents\GitHub\aplikasi-pengajuan-cuti\system\CodeIgniter.php on line 832 and exactly 1 expected
#0 C:\Users\UmarSahid\Documents\GitHub\aplikasi-pengajuan-cuti\system\CodeIgniter.php(832): App\Controllers\Karyawan->detailCuti()
#1 C:\Users\UmarSahid\Documents\GitHub\aplikasi-pengajuan-cuti\system\CodeIgniter.php(419): CodeIgniter\CodeIgniter->runController(Object(App\Controllers\Karyawan))
#2 C:\Users\UmarSahid\Documents\GitHub\aplikasi-pengajuan-cuti\system\CodeIgniter.php(326): CodeIgniter\CodeIgniter->handleRequest(NULL, Object(Config\Cache), false)
#3 C:\Users\UmarSahid\Documents\GitHub\aplikasi-pengajuan-cuti\public\index.php(37): CodeIgniter\CodeIgniter->run()
#4 C:\Users\UmarSahid\Documents\GitHub\aplikasi-pengajuan-cuti\system\Commands\Server\rewrite.php(43): require_once('C:\\Users\\UmarSa...')
#5 {main}
CRITICAL - 2022-04-05 08:50:46 --> Too few arguments to function App\Controllers\Karyawan::detailCuti(), 0 passed in C:\Users\UmarSahid\Documents\GitHub\aplikasi-pengajuan-cuti\system\CodeIgniter.php on line 832 and exactly 1 expected
#0 C:\Users\UmarSahid\Documents\GitHub\aplikasi-pengajuan-cuti\system\CodeIgniter.php(832): App\Controllers\Karyawan->detailCuti()
#1 C:\Users\UmarSahid\Documents\GitHub\aplikasi-pengajuan-cuti\system\CodeIgniter.php(419): CodeIgniter\CodeIgniter->runController(Object(App\Controllers\Karyawan))
#2 C:\Users\UmarSahid\Documents\GitHub\aplikasi-pengajuan-cuti\system\CodeIgniter.php(326): CodeIgniter\CodeIgniter->handleRequest(NULL, Object(Config\Cache), false)
#3 C:\Users\UmarSahid\Documents\GitHub\aplikasi-pengajuan-cuti\public\index.php(37): CodeIgniter\CodeIgniter->run()
#4 C:\Users\UmarSahid\Documents\GitHub\aplikasi-pengajuan-cuti\system\Commands\Server\rewrite.php(43): require_once('C:\\Users\\UmarSa...')
#5 {main}
CRITICAL - 2022-04-05 08:53:03 --> Undefined variable: cuto
#0 C:\Users\UmarSahid\Documents\GitHub\aplikasi-pengajuan-cuti\app\Views\karyawan\cuti\detail.php(29): CodeIgniter\Debug\Exceptions->errorHandler(8, 'Undefined varia...', 'C:\\Users\\UmarSa...', 29, Array)
#1 C:\Users\UmarSahid\Documents\GitHub\aplikasi-pengajuan-cuti\system\View\View.php(210): include('C:\\Users\\UmarSa...')
#2 C:\Users\UmarSahid\Documents\GitHub\aplikasi-pengajuan-cuti\system\View\View.php(213): CodeIgniter\View\View->CodeIgniter\View\{closure}()
#3 C:\Users\UmarSahid\Documents\GitHub\aplikasi-pengajuan-cuti\system\Common.php(1089): CodeIgniter\View\View->render('karyawan/cuti/d...', Array, true)
#4 C:\Users\UmarSahid\Documents\GitHub\aplikasi-pengajuan-cuti\app\Controllers\Karyawan.php(127): view('karyawan/cuti/d...', Array)
#5 C:\Users\UmarSahid\Documents\GitHub\aplikasi-pengajuan-cuti\system\CodeIgniter.php(832): App\Controllers\Karyawan->detailCuti('1')
#6 C:\Users\UmarSahid\Documents\GitHub\aplikasi-pengajuan-cuti\system\CodeIgniter.php(419): CodeIgniter\CodeIgniter->runController(Object(App\Controllers\Karyawan))
#7 C:\Users\UmarSahid\Documents\GitHub\aplikasi-pengajuan-cuti\system\CodeIgniter.php(326): CodeIgniter\CodeIgniter->handleRequest(NULL, Object(Config\Cache), false)
#8 C:\Users\UmarSahid\Documents\GitHub\aplikasi-pengajuan-cuti\public\index.php(37): CodeIgniter\CodeIgniter->run()
#9 C:\Users\UmarSahid\Documents\GitHub\aplikasi-pengajuan-cuti\system\Commands\Server\rewrite.php(43): require_once('C:\\Users\\UmarSa...')
#10 {main}
CRITICAL - 2022-04-05 08:53:10 --> Undefined index: nik
#0 C:\Users\UmarSahid\Documents\GitHub\aplikasi-pengajuan-cuti\app\Views\karyawan\cuti\detail.php(29): CodeIgniter\Debug\Exceptions->errorHandler(8, 'Undefined index...', 'C:\\Users\\UmarSa...', 29, Array)
#1 C:\Users\UmarSahid\Documents\GitHub\aplikasi-pengajuan-cuti\system\View\View.php(210): include('C:\\Users\\UmarSa...')
#2 C:\Users\UmarSahid\Documents\GitHub\aplikasi-pengajuan-cuti\system\View\View.php(213): CodeIgniter\View\View->CodeIgniter\View\{closure}()
#3 C:\Users\UmarSahid\Documents\GitHub\aplikasi-pengajuan-cuti\system\Common.php(1089): CodeIgniter\View\View->render('karyawan/cuti/d...', Array, true)
#4 C:\Users\UmarSahid\Documents\GitHub\aplikasi-pengajuan-cuti\app\Controllers\Karyawan.php(127): view('karyawan/cuti/d...', Array)
#5 C:\Users\UmarSahid\Documents\GitHub\aplikasi-pengajuan-cuti\system\CodeIgniter.php(832): App\Controllers\Karyawan->detailCuti('1')
#6 C:\Users\UmarSahid\Documents\GitHub\aplikasi-pengajuan-cuti\system\CodeIgniter.php(419): CodeIgniter\CodeIgniter->runController(Object(App\Controllers\Karyawan))
#7 C:\Users\UmarSahid\Documents\GitHub\aplikasi-pengajuan-cuti\system\CodeIgniter.php(326): CodeIgniter\CodeIgniter->handleRequest(NULL, Object(Config\Cache), false)
#8 C:\Users\UmarSahid\Documents\GitHub\aplikasi-pengajuan-cuti\public\index.php(37): CodeIgniter\CodeIgniter->run()
#9 C:\Users\UmarSahid\Documents\GitHub\aplikasi-pengajuan-cuti\system\Commands\Server\rewrite.php(43): require_once('C:\\Users\\UmarSa...')
#10 {main}
CRITICAL - 2022-04-05 20:17:28 --> Undefined variable: cuties
#0 C:\Users\UmarSahid\Documents\GitHub\aplikasi-pengajuan-cuti\app\Views\manager\index.php(45): CodeIgniter\Debug\Exceptions->errorHandler(8, 'Undefined varia...', 'C:\\Users\\UmarSa...', 45, Array)
#1 C:\Users\UmarSahid\Documents\GitHub\aplikasi-pengajuan-cuti\system\View\View.php(210): include('C:\\Users\\UmarSa...')
#2 C:\Users\UmarSahid\Documents\GitHub\aplikasi-pengajuan-cuti\system\View\View.php(213): CodeIgniter\View\View->CodeIgniter\View\{closure}()
#3 C:\Users\UmarSahid\Documents\GitHub\aplikasi-pengajuan-cuti\system\Common.php(1089): CodeIgniter\View\View->render('manager/index', Array, true)
#4 C:\Users\UmarSahid\Documents\GitHub\aplikasi-pengajuan-cuti\app\Controllers\Manager.php(9): view('manager/index')
#5 C:\Users\UmarSahid\Documents\GitHub\aplikasi-pengajuan-cuti\system\CodeIgniter.php(832): App\Controllers\Manager->index()
#6 C:\Users\UmarSahid\Documents\GitHub\aplikasi-pengajuan-cuti\system\CodeIgniter.php(419): CodeIgniter\CodeIgniter->runController(Object(App\Controllers\Manager))
#7 C:\Users\UmarSahid\Documents\GitHub\aplikasi-pengajuan-cuti\system\CodeIgniter.php(326): CodeIgniter\CodeIgniter->handleRequest(NULL, Object(Config\Cache), false)
#8 C:\Users\UmarSahid\Documents\GitHub\aplikasi-pengajuan-cuti\public\index.php(37): CodeIgniter\CodeIgniter->run()
#9 C:\Users\UmarSahid\Documents\GitHub\aplikasi-pengajuan-cuti\system\Commands\Server\rewrite.php(43): require_once('C:\\Users\\UmarSa...')
#10 {main}
CRITICAL - 2022-04-05 20:23:37 --> Undefined index: name
#0 C:\Users\UmarSahid\Documents\GitHub\aplikasi-pengajuan-cuti\app\Views\manager\index.php(48): CodeIgniter\Debug\Exceptions->errorHandler(8, 'Undefined index...', 'C:\\Users\\UmarSa...', 48, Array)
#1 C:\Users\UmarSahid\Documents\GitHub\aplikasi-pengajuan-cuti\system\View\View.php(210): include('C:\\Users\\UmarSa...')
#2 C:\Users\UmarSahid\Documents\GitHub\aplikasi-pengajuan-cuti\system\View\View.php(213): CodeIgniter\View\View->CodeIgniter\View\{closure}()
#3 C:\Users\UmarSahid\Documents\GitHub\aplikasi-pengajuan-cuti\system\Common.php(1089): CodeIgniter\View\View->render('manager/index', Array, true)
#4 C:\Users\UmarSahid\Documents\GitHub\aplikasi-pengajuan-cuti\app\Controllers\Manager.php(27): view('manager/index', Array)
#5 C:\Users\UmarSahid\Documents\GitHub\aplikasi-pengajuan-cuti\system\CodeIgniter.php(832): App\Controllers\Manager->index()
#6 C:\Users\UmarSahid\Documents\GitHub\aplikasi-pengajuan-cuti\system\CodeIgniter.php(419): CodeIgniter\CodeIgniter->runController(Object(App\Controllers\Manager))
#7 C:\Users\UmarSahid\Documents\GitHub\aplikasi-pengajuan-cuti\system\CodeIgniter.php(326): CodeIgniter\CodeIgniter->handleRequest(NULL, Object(Config\Cache), false)
#8 C:\Users\UmarSahid\Documents\GitHub\aplikasi-pengajuan-cuti\public\index.php(37): CodeIgniter\CodeIgniter->run()
#9 C:\Users\UmarSahid\Documents\GitHub\aplikasi-pengajuan-cuti\system\Commands\Server\rewrite.php(43): require_once('C:\\Users\\UmarSa...')
#10 {main}
ERROR - 2022-04-05 20:37:04 --> Column 'id' in where clause is ambiguous
CRITICAL - 2022-04-05 20:37:04 --> Column 'id' in where clause is ambiguous
#0 C:\Users\UmarSahid\Documents\GitHub\aplikasi-pengajuan-cuti\system\Database\MySQLi\Connection.php(292): mysqli->query('SELECT `cutis`....', 0)
#1 C:\Users\UmarSahid\Documents\GitHub\aplikasi-pengajuan-cuti\system\Database\BaseConnection.php(670): CodeIgniter\Database\MySQLi\Connection->execute('SELECT `cutis`....')
#2 C:\Users\UmarSahid\Documents\GitHub\aplikasi-pengajuan-cuti\system\Database\BaseConnection.php(598): CodeIgniter\Database\BaseConnection->simpleQuery('SELECT `cutis`....')
#3 C:\Users\UmarSahid\Documents\GitHub\aplikasi-pengajuan-cuti\system\Database\BaseBuilder.php(1455): CodeIgniter\Database\BaseConnection->query('SELECT `cutis`....', Array, false)
#4 C:\Users\UmarSahid\Documents\GitHub\aplikasi-pengajuan-cuti\app\Models\CustomModel.php(32): CodeIgniter\Database\BaseBuilder->get()
#5 C:\Users\UmarSahid\Documents\GitHub\aplikasi-pengajuan-cuti\app\Controllers\Manager.php(36): App\Models\CustomModel->getDataCutiById('1')
#6 C:\Users\UmarSahid\Documents\GitHub\aplikasi-pengajuan-cuti\system\CodeIgniter.php(832): App\Controllers\Manager->detailCutiKaryawan('1')
#7 C:\Users\UmarSahid\Documents\GitHub\aplikasi-pengajuan-cuti\system\CodeIgniter.php(419): CodeIgniter\CodeIgniter->runController(Object(App\Controllers\Manager))
#8 C:\Users\UmarSahid\Documents\GitHub\aplikasi-pengajuan-cuti\system\CodeIgniter.php(326): CodeIgniter\CodeIgniter->handleRequest(NULL, Object(Config\Cache), false)
#9 C:\Users\UmarSahid\Documents\GitHub\aplikasi-pengajuan-cuti\public\index.php(37): CodeIgniter\CodeIgniter->run()
#10 C:\Users\UmarSahid\Documents\GitHub\aplikasi-pengajuan-cuti\system\Commands\Server\rewrite.php(43): require_once('C:\\Users\\UmarSa...')
#11 {main}
CRITICAL - 2022-04-05 20:37:47 --> Undefined variable: cuti
#0 C:\Users\UmarSahid\Documents\GitHub\aplikasi-pengajuan-cuti\app\Views\manager\cuti\detail.php(25): CodeIgniter\Debug\Exceptions->errorHandler(8, 'Undefined varia...', 'C:\\Users\\UmarSa...', 25, Array)
#1 C:\Users\UmarSahid\Documents\GitHub\aplikasi-pengajuan-cuti\system\View\View.php(210): include('C:\\Users\\UmarSa...')
#2 C:\Users\UmarSahid\Documents\GitHub\aplikasi-pengajuan-cuti\system\View\View.php(213): CodeIgniter\View\View->CodeIgniter\View\{closure}()
#3 C:\Users\UmarSahid\Documents\GitHub\aplikasi-pengajuan-cuti\system\Common.php(1089): CodeIgniter\View\View->render('manager/cuti/de...', Array, true)
#4 C:\Users\UmarSahid\Documents\GitHub\aplikasi-pengajuan-cuti\app\Controllers\Manager.php(38): view('manager/cuti/de...')
#5 C:\Users\UmarSahid\Documents\GitHub\aplikasi-pengajuan-cuti\system\CodeIgniter.php(832): App\Controllers\Manager->detailCutiKaryawan('1')
#6 C:\Users\UmarSahid\Documents\GitHub\aplikasi-pengajuan-cuti\system\CodeIgniter.php(419): CodeIgniter\CodeIgniter->runController(Object(App\Controllers\Manager))
#7 C:\Users\UmarSahid\Documents\GitHub\aplikasi-pengajuan-cuti\system\CodeIgniter.php(326): CodeIgniter\CodeIgniter->handleRequest(NULL, Object(Config\Cache), false)
#8 C:\Users\UmarSahid\Documents\GitHub\aplikasi-pengajuan-cuti\public\index.php(37): CodeIgniter\CodeIgniter->run()
#9 C:\Users\UmarSahid\Documents\GitHub\aplikasi-pengajuan-cuti\system\Commands\Server\rewrite.php(43): require_once('C:\\Users\\UmarSa...')
#10 {main}
CRITICAL - 2022-04-05 20:38:03 --> Undefined index: name
#0 C:\Users\UmarSahid\Documents\GitHub\aplikasi-pengajuan-cuti\app\Views\manager\cuti\detail.php(25): CodeIgniter\Debug\Exceptions->errorHandler(8, 'Undefined index...', 'C:\\Users\\UmarSa...', 25, Array)
#1 C:\Users\UmarSahid\Documents\GitHub\aplikasi-pengajuan-cuti\system\View\View.php(210): include('C:\\Users\\UmarSa...')
#2 C:\Users\UmarSahid\Documents\GitHub\aplikasi-pengajuan-cuti\system\View\View.php(213): CodeIgniter\View\View->CodeIgniter\View\{closure}()
#3 C:\Users\UmarSahid\Documents\GitHub\aplikasi-pengajuan-cuti\system\Common.php(1089): CodeIgniter\View\View->render('manager/cuti/de...', Array, true)
#4 C:\Users\UmarSahid\Documents\GitHub\aplikasi-pengajuan-cuti\app\Controllers\Manager.php(38): view('manager/cuti/de...', Array)
#5 C:\Users\UmarSahid\Documents\GitHub\aplikasi-pengajuan-cuti\system\CodeIgniter.php(832): App\Controllers\Manager->detailCutiKaryawan('1')
#6 C:\Users\UmarSahid\Documents\GitHub\aplikasi-pengajuan-cuti\system\CodeIgniter.php(419): CodeIgniter\CodeIgniter->runController(Object(App\Controllers\Manager))
#7 C:\Users\UmarSahid\Documents\GitHub\aplikasi-pengajuan-cuti\system\CodeIgniter.php(326): CodeIgniter\CodeIgniter->handleRequest(NULL, Object(Config\Cache), false)
#8 C:\Users\UmarSahid\Documents\GitHub\aplikasi-pengajuan-cuti\public\index.php(37): CodeIgniter\CodeIgniter->run()
#9 C:\Users\UmarSahid\Documents\GitHub\aplikasi-pengajuan-cuti\system\Commands\Server\rewrite.php(43): require_once('C:\\Users\\UmarSa...')
#10 {main}
CRITICAL - 2022-04-05 20:39:43 --> Undefined index: name
#0 C:\Users\UmarSahid\Documents\GitHub\aplikasi-pengajuan-cuti\app\Views\manager\cuti\detail.php(25): CodeIgniter\Debug\Exceptions->errorHandler(8, 'Undefined index...', 'C:\\Users\\UmarSa...', 25, Array)
#1 C:\Users\UmarSahid\Documents\GitHub\aplikasi-pengajuan-cuti\system\View\View.php(210): include('C:\\Users\\UmarSa...')
#2 C:\Users\UmarSahid\Documents\GitHub\aplikasi-pengajuan-cuti\system\View\View.php(213): CodeIgniter\View\View->CodeIgniter\View\{closure}()
#3 C:\Users\UmarSahid\Documents\GitHub\aplikasi-pengajuan-cuti\system\Common.php(1089): CodeIgniter\View\View->render('manager/cuti/de...', Array, true)
#4 C:\Users\UmarSahid\Documents\GitHub\aplikasi-pengajuan-cuti\app\Controllers\Manager.php(39): view('manager/cuti/de...', Array)
#5 C:\Users\UmarSahid\Documents\GitHub\aplikasi-pengajuan-cuti\system\CodeIgniter.php(832): App\Controllers\Manager->detailCutiKaryawan('1')
#6 C:\Users\UmarSahid\Documents\GitHub\aplikasi-pengajuan-cuti\system\CodeIgniter.php(419): CodeIgniter\CodeIgniter->runController(Object(App\Controllers\Manager))
#7 C:\Users\UmarSahid\Documents\GitHub\aplikasi-pengajuan-cuti\system\CodeIgniter.php(326): CodeIgniter\CodeIgniter->handleRequest(NULL, Object(Config\Cache), false)
#8 C:\Users\UmarSahid\Documents\GitHub\aplikasi-pengajuan-cuti\public\index.php(37): CodeIgniter\CodeIgniter->run()
#9 C:\Users\UmarSahid\Documents\GitHub\aplikasi-pengajuan-cuti\system\Commands\Server\rewrite.php(43): require_once('C:\\Users\\UmarSa...')
#10 {main}
CRITICAL - 2022-04-05 20:40:22 --> Array to string conversion
#0 C:\Users\UmarSahid\Documents\GitHub\aplikasi-pengajuan-cuti\app\Views\manager\cuti\detail.php(25): CodeIgniter\Debug\Exceptions->errorHandler(8, 'Array to string...', 'C:\\Users\\UmarSa...', 25, Array)
#1 C:\Users\UmarSahid\Documents\GitHub\aplikasi-pengajuan-cuti\system\View\View.php(210): include('C:\\Users\\UmarSa...')
#2 C:\Users\UmarSahid\Documents\GitHub\aplikasi-pengajuan-cuti\system\View\View.php(213): CodeIgniter\View\View->CodeIgniter\View\{closure}()
#3 C:\Users\UmarSahid\Documents\GitHub\aplikasi-pengajuan-cuti\system\Common.php(1089): CodeIgniter\View\View->render('manager/cuti/de...', Array, true)
#4 C:\Users\UmarSahid\Documents\GitHub\aplikasi-pengajuan-cuti\app\Controllers\Manager.php(39): view('manager/cuti/de...', Array)
#5 C:\Users\UmarSahid\Documents\GitHub\aplikasi-pengajuan-cuti\system\CodeIgniter.php(832): App\Controllers\Manager->detailCutiKaryawan('1')
#6 C:\Users\UmarSahid\Documents\GitHub\aplikasi-pengajuan-cuti\system\CodeIgniter.php(419): CodeIgniter\CodeIgniter->runController(Object(App\Controllers\Manager))
#7 C:\Users\UmarSahid\Documents\GitHub\aplikasi-pengajuan-cuti\system\CodeIgniter.php(326): CodeIgniter\CodeIgniter->handleRequest(NULL, Object(Config\Cache), false)
#8 C:\Users\UmarSahid\Documents\GitHub\aplikasi-pengajuan-cuti\public\index.php(37): CodeIgniter\CodeIgniter->run()
#9 C:\Users\UmarSahid\Documents\GitHub\aplikasi-pengajuan-cuti\system\Commands\Server\rewrite.php(43): require_once('C:\\Users\\UmarSa...')
#10 {main}
